<?xml version="1.0" encoding="UTF-8"?>
<testng-results ignored="2" total="7" passed="5" failed="0" skipped="0">
  <reporter-output>
  </reporter-output>
  <suite started-at="2024-08-13T15:46:53 IST" name="Suite" finished-at="2024-08-13T15:48:37 IST" duration-ms="103324">
    <groups>
    </groups>
    <test started-at="2024-08-13T15:46:53 IST" name="MotorCycle-Exe-all classes" finished-at="2024-08-13T15:48:37 IST" duration-ms="103324">
      <class name="motorcycleModule.Motorcycle_ExecutiveSection">
        <test-method is-config="true" signature="getlaunchURL(java.lang.String)[pri:0, instance:motorcycleModule.Motorcycle_ExecutiveSection@4f32a3ad]" started-at="2024-08-13T15:46:53 IST" name="getlaunchURL" finished-at="2024-08-13T15:47:01 IST" duration-ms="7774" status="PASS">
          <params>
            <param index="0">
              <value>
                <![CDATA[chrome]]>
              </value>
            </param>
          </params>
          <reporter-output>
          </reporter-output>
        </test-method> <!-- getlaunchURL -->
        <test-method signature="Executive_page()[pri:0, instance:motorcycleModule.Motorcycle_ExecutiveSection@4f32a3ad]" started-at="2024-08-13T15:47:01 IST" name="Executive_page" finished-at="2024-08-13T15:47:03 IST" duration-ms="2131" status="PASS">
          <reporter-output>
          </reporter-output>
        </test-method> <!-- Executive_page -->
        <test-method signature="TC_049_ExecutiveSection_ClickAllBikes()[pri:1, instance:motorcycleModule.Motorcycle_ExecutiveSection@4f32a3ad]" started-at="2024-08-13T15:47:03 IST" name="TC_049_ExecutiveSection_ClickAllBikes" finished-at="2024-08-13T15:47:23 IST" duration-ms="19589" status="PASS">
          <reporter-output>
          </reporter-output>
        </test-method> <!-- TC_049_ExecutiveSection_ClickAllBikes -->
        <test-method signature="TC_050_Executive_Banner_BikeImages()[pri:2, instance:motorcycleModule.Motorcycle_ExecutiveSection@4f32a3ad]" started-at="2024-08-13T15:47:23 IST" name="TC_050_Executive_Banner_BikeImages" finished-at="2024-08-13T15:47:37 IST" duration-ms="14603" status="PASS">
          <reporter-output>
          </reporter-output>
        </test-method> <!-- TC_050_Executive_Banner_BikeImages -->
        <test-method signature="TC_051_ExecutivePage_GlamourXTec()[pri:3, instance:motorcycleModule.Motorcycle_ExecutiveSection@4f32a3ad]" started-at="2024-08-13T15:47:37 IST" name="TC_051_ExecutivePage_GlamourXTec" finished-at="2024-08-13T15:47:55 IST" duration-ms="17655" status="PASS">
          <reporter-output>
          </reporter-output>
        </test-method> <!-- TC_051_ExecutivePage_GlamourXTec -->
        <test-method is-config="true" signature="tearDown()[pri:0, instance:motorcycleModule.Motorcycle_ExecutiveSection@4f32a3ad]" started-at="2024-08-13T15:48:37 IST" name="tearDown" finished-at="2024-08-13T15:48:37 IST" duration-ms="1" status="PASS">
          <reporter-output>
          </reporter-output>
        </test-method> <!-- tearDown -->
      </class> <!-- motorcycleModule.Motorcycle_ExecutiveSection -->
      <class name="motorcycleModule.Executive_ProductPage_SuperSplendorXtec">
        <test-method signature="Executive_productPage_SSpXtec()[pri:0, instance:motorcycleModule.Executive_ProductPage_SuperSplendorXtec@673fdbce]" started-at="2024-08-13T15:47:55 IST" name="Executive_productPage_SSpXtec" finished-at="2024-08-13T15:48:37 IST" duration-ms="41502" status="PASS">
          <reporter-output>
          </reporter-output>
        </test-method> <!-- Executive_productPage_SSpXtec -->
      </class> <!-- motorcycleModule.Executive_ProductPage_SuperSplendorXtec -->
    </test> <!-- MotorCycle-Exe-all classes -->
  </suite> <!-- Suite -->
</testng-results>
